Arguments: 
  /usr/bin/node /usr/share/yarn/bin/yarn.js add expressbody-parser

PATH: 
  /usr/local/sbin:/usr/local/bin:/usr/sbin:/usr/bin:/sbin:/bin:/usr/games:/usr/local/games:/snap/bin:/usr/lib/jvm/java-8-oracle/bin:/usr/lib/jvm/java-8-oracle/db/bin:/usr/lib/jvm/java-8-oracle/jre/bin:/home/gab/Android/Sdk/tools:/home/gab/Android/Sdk/tools/bin:/home/gab/Android/Sdk/platform-tools

Yarn version: 
  1.15.2

Node version: 
  10.13.0

Platform: 
  linux x64

Trace: 
  Error: https://registry.yarnpkg.com/expressbody-parser: Not found
      at Request.params.callback [as _callback] (/usr/share/yarn/lib/cli.js:66058:18)
      at Request.self.callback (/usr/share/yarn/lib/cli.js:129541:22)
      at Request.emit (events.js:182:13)
      at Request.<anonymous> (/usr/share/yarn/lib/cli.js:130513:10)
      at Request.emit (events.js:182:13)
      at IncomingMessage.<anonymous> (/usr/share/yarn/lib/cli.js:130435:12)
      at Object.onceWrapper (events.js:273:13)
      at IncomingMessage.emit (events.js:187:15)
      at endReadableNT (_stream_readable.js:1094:12)
      at process._tickCallback (internal/process/next_tick.js:63:19)

npm manifest: 
  {
    "name": "graphql-react-event-booking",
    "version": "1.0.0",
    "description": "",
    "main": "index.js",
    "scripts": {
      "test": "echo \"Error: no test specified\" && exit 1"
    },
    "author": "",
    "license": "ISC"
  }

yarn manifest: 
  No manifest

Lockfile: 
  No lockfile
